<?xml version="1.0" encoding="UTF-8"?>
<testsuite xmlns:xsi="http://www.w3.org/2001/XMLSchema-instance" xsi:noNamespaceSchemaLocation="https://maven.apache.org/surefire/maven-surefire-plugin/xsd/surefire-test-report.xsd" name="com.yruns.SpringbootApplicationTests" time="2.412" tests="5" errors="0" skipped="0" failures="0">
  <properties>
    <property name="sun.desktop" value="windows"/>
    <property name="awt.toolkit" value="sun.awt.windows.WToolkit"/>
    <property name="file.encoding.pkg" value="sun.io"/>
    <property name="java.specification.version" value="1.8"/>
    <property name="sun.cpu.isalist" value=""/>
    <property name="sun.jnu.encoding" value="GBK"/>
    <property name="java.class.path" value="D:\Codefield\IdeaProjects\JAVAEE\SpringBoot\ssmp\target\test-classes;D:\Codefield\IdeaProjects\JAVAEE\SpringBoot\ssmp\target\classes;D:\softwarespace\apache-maven-3.6.1\resp\org\springframework\boot\spring-boot-starter-web\2.7.3\spring-boot-starter-web-2.7.3.jar;D:\softwarespace\apache-maven-3.6.1\resp\org\springframework\boot\spring-boot-starter\2.7.3\spring-boot-starter-2.7.3.jar;D:\softwarespace\apache-maven-3.6.1\resp\org\springframework\boot\spring-boot-starter-logging\2.7.3\spring-boot-starter-logging-2.7.3.jar;D:\softwarespace\apache-maven-3.6.1\resp\ch\qos\logback\logback-classic\1.2.11\logback-classic-1.2.11.jar;D:\softwarespace\apache-maven-3.6.1\resp\ch\qos\logback\logback-core\1.2.11\logback-core-1.2.11.jar;D:\softwarespace\apache-maven-3.6.1\resp\org\apache\logging\log4j\log4j-to-slf4j\2.17.2\log4j-to-slf4j-2.17.2.jar;D:\softwarespace\apache-maven-3.6.1\resp\org\apache\logging\log4j\log4j-api\2.17.2\log4j-api-2.17.2.jar;D:\softwarespace\apache-maven-3.6.1\resp\org\slf4j\jul-to-slf4j\1.7.36\jul-to-slf4j-1.7.36.jar;D:\softwarespace\apache-maven-3.6.1\resp\jakarta\annotation\jakarta.annotation-api\1.3.5\jakarta.annotation-api-1.3.5.jar;D:\softwarespace\apache-maven-3.6.1\resp\org\yaml\snakeyaml\1.30\snakeyaml-1.30.jar;D:\softwarespace\apache-maven-3.6.1\resp\org\springframework\boot\spring-boot-starter-json\2.7.3\spring-boot-starter-json-2.7.3.jar;D:\softwarespace\apache-maven-3.6.1\resp\com\fasterxml\jackson\core\jackson-databind\2.13.3\jackson-databind-2.13.3.jar;D:\softwarespace\apache-maven-3.6.1\resp\com\fasterxml\jackson\core\jackson-annotations\2.13.3\jackson-annotations-2.13.3.jar;D:\softwarespace\apache-maven-3.6.1\resp\com\fasterxml\jackson\core\jackson-core\2.13.3\jackson-core-2.13.3.jar;D:\softwarespace\apache-maven-3.6.1\resp\com\fasterxml\jackson\datatype\jackson-datatype-jdk8\2.13.3\jackson-datatype-jdk8-2.13.3.jar;D:\softwarespace\apache-maven-3.6.1\resp\com\fasterxml\jackson\datatype\jackson-datatype-jsr310\2.13.3\jackson-datatype-jsr310-2.13.3.jar;D:\softwarespace\apache-maven-3.6.1\resp\com\fasterxml\jackson\module\jackson-module-parameter-names\2.13.3\jackson-module-parameter-names-2.13.3.jar;D:\softwarespace\apache-maven-3.6.1\resp\org\springframework\boot\spring-boot-starter-tomcat\2.7.3\spring-boot-starter-tomcat-2.7.3.jar;D:\softwarespace\apache-maven-3.6.1\resp\org\apache\tomcat\embed\tomcat-embed-core\9.0.65\tomcat-embed-core-9.0.65.jar;D:\softwarespace\apache-maven-3.6.1\resp\org\apache\tomcat\embed\tomcat-embed-el\9.0.65\tomcat-embed-el-9.0.65.jar;D:\softwarespace\apache-maven-3.6.1\resp\org\apache\tomcat\embed\tomcat-embed-websocket\9.0.65\tomcat-embed-websocket-9.0.65.jar;D:\softwarespace\apache-maven-3.6.1\resp\org\springframework\spring-web\5.3.22\spring-web-5.3.22.jar;D:\softwarespace\apache-maven-3.6.1\resp\org\springframework\spring-beans\5.3.22\spring-beans-5.3.22.jar;D:\softwarespace\apache-maven-3.6.1\resp\org\springframework\spring-webmvc\5.3.22\spring-webmvc-5.3.22.jar;D:\softwarespace\apache-maven-3.6.1\resp\org\springframework\spring-aop\5.3.22\spring-aop-5.3.22.jar;D:\softwarespace\apache-maven-3.6.1\resp\org\springframework\spring-context\5.3.22\spring-context-5.3.22.jar;D:\softwarespace\apache-maven-3.6.1\resp\org\springframework\spring-expression\5.3.22\spring-expression-5.3.22.jar;D:\softwarespace\apache-maven-3.6.1\resp\org\springframework\boot\spring-boot-starter-test\2.7.3\spring-boot-starter-test-2.7.3.jar;D:\softwarespace\apache-maven-3.6.1\resp\org\springframework\boot\spring-boot-test\2.7.3\spring-boot-test-2.7.3.jar;D:\softwarespace\apache-maven-3.6.1\resp\org\springframework\boot\spring-boot-test-autoconfigure\2.7.3\spring-boot-test-autoconfigure-2.7.3.jar;D:\softwarespace\apache-maven-3.6.1\resp\com\jayway\jsonpath\json-path\2.7.0\json-path-2.7.0.jar;D:\softwarespace\apache-maven-3.6.1\resp\net\minidev\json-smart\2.4.8\json-smart-2.4.8.jar;D:\softwarespace\apache-maven-3.6.1\resp\net\minidev\accessors-smart\2.4.8\accessors-smart-2.4.8.jar;D:\softwarespace\apache-maven-3.6.1\resp\jakarta\xml\bind\jakarta.xml.bind-api\2.3.3\jakarta.xml.bind-api-2.3.3.jar;D:\softwarespace\apache-maven-3.6.1\resp\jakarta\activation\jakarta.activation-api\1.2.2\jakarta.activation-api-1.2.2.jar;D:\softwarespace\apache-maven-3.6.1\resp\org\assertj\assertj-core\3.22.0\assertj-core-3.22.0.jar;D:\softwarespace\apache-maven-3.6.1\resp\org\hamcrest\hamcrest\2.2\hamcrest-2.2.jar;D:\softwarespace\apache-maven-3.6.1\resp\org\junit\jupiter\junit-jupiter\5.8.2\junit-jupiter-5.8.2.jar;D:\softwarespace\apache-maven-3.6.1\resp\org\junit\jupiter\junit-jupiter-api\5.8.2\junit-jupiter-api-5.8.2.jar;D:\softwarespace\apache-maven-3.6.1\resp\org\opentest4j\opentest4j\1.2.0\opentest4j-1.2.0.jar;D:\softwarespace\apache-maven-3.6.1\resp\org\junit\platform\junit-platform-commons\1.8.2\junit-platform-commons-1.8.2.jar;D:\softwarespace\apache-maven-3.6.1\resp\org\apiguardian\apiguardian-api\1.1.2\apiguardian-api-1.1.2.jar;D:\softwarespace\apache-maven-3.6.1\resp\org\junit\jupiter\junit-jupiter-params\5.8.2\junit-jupiter-params-5.8.2.jar;D:\softwarespace\apache-maven-3.6.1\resp\org\junit\jupiter\junit-jupiter-engine\5.8.2\junit-jupiter-engine-5.8.2.jar;D:\softwarespace\apache-maven-3.6.1\resp\org\junit\platform\junit-platform-engine\1.8.2\junit-platform-engine-1.8.2.jar;D:\softwarespace\apache-maven-3.6.1\resp\org\mockito\mockito-core\4.5.1\mockito-core-4.5.1.jar;D:\softwarespace\apache-maven-3.6.1\resp\net\bytebuddy\byte-buddy\1.12.13\byte-buddy-1.12.13.jar;D:\softwarespace\apache-maven-3.6.1\resp\net\bytebuddy\byte-buddy-agent\1.12.13\byte-buddy-agent-1.12.13.jar;D:\softwarespace\apache-maven-3.6.1\resp\org\objenesis\objenesis\3.2\objenesis-3.2.jar;D:\softwarespace\apache-maven-3.6.1\resp\org\mockito\mockito-junit-jupiter\4.5.1\mockito-junit-jupiter-4.5.1.jar;D:\softwarespace\apache-maven-3.6.1\resp\org\skyscreamer\jsonassert\1.5.1\jsonassert-1.5.1.jar;D:\softwarespace\apache-maven-3.6.1\resp\com\vaadin\external\google\android-json\0.0.20131108.vaadin1\android-json-0.0.20131108.vaadin1.jar;D:\softwarespace\apache-maven-3.6.1\resp\org\springframework\spring-core\5.3.22\spring-core-5.3.22.jar;D:\softwarespace\apache-maven-3.6.1\resp\org\springframework\spring-jcl\5.3.22\spring-jcl-5.3.22.jar;D:\softwarespace\apache-maven-3.6.1\resp\org\springframework\spring-test\5.3.22\spring-test-5.3.22.jar;D:\softwarespace\apache-maven-3.6.1\resp\org\xmlunit\xmlunit-core\2.9.0\xmlunit-core-2.9.0.jar;D:\softwarespace\apache-maven-3.6.1\resp\org\mybatis\spring\boot\mybatis-spring-boot-starter\2.2.2\mybatis-spring-boot-starter-2.2.2.jar;D:\softwarespace\apache-maven-3.6.1\resp\org\springframework\boot\spring-boot-starter-jdbc\2.7.3\spring-boot-starter-jdbc-2.7.3.jar;D:\softwarespace\apache-maven-3.6.1\resp\com\zaxxer\HikariCP\4.0.3\HikariCP-4.0.3.jar;D:\softwarespace\apache-maven-3.6.1\resp\org\springframework\spring-jdbc\5.3.22\spring-jdbc-5.3.22.jar;D:\softwarespace\apache-maven-3.6.1\resp\org\mybatis\spring\boot\mybatis-spring-boot-autoconfigure\2.2.2\mybatis-spring-boot-autoconfigure-2.2.2.jar;D:\softwarespace\apache-maven-3.6.1\resp\org\mybatis\mybatis\3.5.9\mybatis-3.5.9.jar;D:\softwarespace\apache-maven-3.6.1\resp\org\mybatis\mybatis-spring\2.0.7\mybatis-spring-2.0.7.jar;D:\softwarespace\apache-maven-3.6.1\resp\mysql\mysql-connector-java\8.0.30\mysql-connector-java-8.0.30.jar;D:\softwarespace\apache-maven-3.6.1\resp\com\alibaba\druid\1.1.16\druid-1.1.16.jar;D:\softwarespace\apache-maven-3.6.1\resp\org\projectlombok\lombok\1.18.24\lombok-1.18.24.jar;D:\softwarespace\apache-maven-3.6.1\resp\com\baomidou\mybatis-plus-boot-starter\3.4.1\mybatis-plus-boot-starter-3.4.1.jar;D:\softwarespace\apache-maven-3.6.1\resp\com\baomidou\mybatis-plus\3.4.1\mybatis-plus-3.4.1.jar;D:\softwarespace\apache-maven-3.6.1\resp\org\springframework\boot\spring-boot-autoconfigure\2.7.3\spring-boot-autoconfigure-2.7.3.jar;D:\softwarespace\apache-maven-3.6.1\resp\com\baomidou\mybatis-plus-generator\3.4.1\mybatis-plus-generator-3.4.1.jar;D:\softwarespace\apache-maven-3.6.1\resp\com\baomidou\mybatis-plus-extension\3.4.1\mybatis-plus-extension-3.4.1.jar;D:\softwarespace\apache-maven-3.6.1\resp\com\baomidou\mybatis-plus-core\3.4.1\mybatis-plus-core-3.4.1.jar;D:\softwarespace\apache-maven-3.6.1\resp\com\baomidou\mybatis-plus-annotation\3.4.1\mybatis-plus-annotation-3.4.1.jar;D:\softwarespace\apache-maven-3.6.1\resp\com\github\jsqlparser\jsqlparser\3.2\jsqlparser-3.2.jar;D:\softwarespace\apache-maven-3.6.1\resp\org\apache\velocity\velocity-engine-core\2.3\velocity-engine-core-2.3.jar;D:\softwarespace\apache-maven-3.6.1\resp\org\apache\commons\commons-lang3\3.12.0\commons-lang3-3.12.0.jar;D:\softwarespace\apache-maven-3.6.1\resp\org\slf4j\slf4j-api\1.7.36\slf4j-api-1.7.36.jar;D:\softwarespace\apache-maven-3.6.1\resp\org\springframework\boot\spring-boot-devtools\2.7.3\spring-boot-devtools-2.7.3.jar;D:\softwarespace\apache-maven-3.6.1\resp\org\springframework\boot\spring-boot\2.7.3\spring-boot-2.7.3.jar;D:\softwarespace\apache-maven-3.6.1\resp\javax\validation\validation-api\2.0.1.Final\validation-api-2.0.1.Final.jar;D:\softwarespace\apache-maven-3.6.1\resp\org\hibernate\validator\hibernate-validator\6.2.4.Final\hibernate-validator-6.2.4.Final.jar;D:\softwarespace\apache-maven-3.6.1\resp\jakarta\validation\jakarta.validation-api\2.0.2\jakarta.validation-api-2.0.2.jar;D:\softwarespace\apache-maven-3.6.1\resp\org\jboss\logging\jboss-logging\3.4.3.Final\jboss-logging-3.4.3.Final.jar;D:\softwarespace\apache-maven-3.6.1\resp\com\fasterxml\classmate\1.5.1\classmate-1.5.1.jar;D:\softwarespace\apache-maven-3.6.1\resp\com\alicp\jetcache\jetcache-starter-redis\2.6.2\jetcache-starter-redis-2.6.2.jar;D:\softwarespace\apache-maven-3.6.1\resp\com\alicp\jetcache\jetcache-autoconfigure\2.6.2\jetcache-autoconfigure-2.6.2.jar;D:\softwarespace\apache-maven-3.6.1\resp\com\alicp\jetcache\jetcache-anno\2.6.2\jetcache-anno-2.6.2.jar;D:\softwarespace\apache-maven-3.6.1\resp\com\alicp\jetcache\jetcache-core\2.6.2\jetcache-core-2.6.2.jar;D:\softwarespace\apache-maven-3.6.1\resp\com\alicp\jetcache\jetcache-anno-api\2.6.2\jetcache-anno-api-2.6.2.jar;D:\softwarespace\apache-maven-3.6.1\resp\com\github\ben-manes\caffeine\caffeine\2.9.3\caffeine-2.9.3.jar;D:\softwarespace\apache-maven-3.6.1\resp\org\checkerframework\checker-qual\3.19.0\checker-qual-3.19.0.jar;D:\softwarespace\apache-maven-3.6.1\resp\com\google\errorprone\error_prone_annotations\2.10.0\error_prone_annotations-2.10.0.jar;D:\softwarespace\apache-maven-3.6.1\resp\org\mvel\mvel2\2.4.7.Final\mvel2-2.4.7.Final.jar;D:\softwarespace\apache-maven-3.6.1\resp\javax\annotation\javax.annotation-api\1.3.2\javax.annotation-api-1.3.2.jar;D:\softwarespace\apache-maven-3.6.1\resp\com\alicp\jetcache\jetcache-redis\2.6.2\jetcache-redis-2.6.2.jar;D:\softwarespace\apache-maven-3.6.1\resp\redis\clients\jedis\3.8.0\jedis-3.8.0.jar;D:\softwarespace\apache-maven-3.6.1\resp\org\apache\commons\commons-pool2\2.11.1\commons-pool2-2.11.1.jar;D:\softwarespace\apache-maven-3.6.1\resp\com\alibaba\fastjson\1.2.76\fastjson-1.2.76.jar;D:\softwarespace\apache-maven-3.6.1\resp\com\esotericsoftware\kryo\4.0.2\kryo-4.0.2.jar;D:\softwarespace\apache-maven-3.6.1\resp\com\esotericsoftware\reflectasm\1.11.3\reflectasm-1.11.3.jar;D:\softwarespace\apache-maven-3.6.1\resp\org\ow2\asm\asm\5.0.4\asm-5.0.4.jar;D:\softwarespace\apache-maven-3.6.1\resp\com\esotericsoftware\minlog\1.3.0\minlog-1.3.0.jar;D:\softwarespace\apache-maven-3.6.1\resp\org\springframework\boot\spring-boot-starter-quartz\2.7.3\spring-boot-starter-quartz-2.7.3.jar;D:\softwarespace\apache-maven-3.6.1\resp\org\springframework\spring-context-support\5.3.22\spring-context-support-5.3.22.jar;D:\softwarespace\apache-maven-3.6.1\resp\org\springframework\spring-tx\5.3.22\spring-tx-5.3.22.jar;D:\softwarespace\apache-maven-3.6.1\resp\org\quartz-scheduler\quartz\2.3.2\quartz-2.3.2.jar;D:\softwarespace\apache-maven-3.6.1\resp\com\mchange\mchange-commons-java\0.2.15\mchange-commons-java-0.2.15.jar;D:\softwarespace\apache-maven-3.6.1\resp\de\codecentric\spring-boot-admin-starter-server\2.5.4\spring-boot-admin-starter-server-2.5.4.jar;D:\softwarespace\apache-maven-3.6.1\resp\de\codecentric\spring-boot-admin-server\2.5.4\spring-boot-admin-server-2.5.4.jar;D:\softwarespace\apache-maven-3.6.1\resp\org\springframework\boot\spring-boot-starter-webflux\2.7.3\spring-boot-starter-webflux-2.7.3.jar;D:\softwarespace\apache-maven-3.6.1\resp\org\springframework\boot\spring-boot-starter-reactor-netty\2.7.3\spring-boot-starter-reactor-netty-2.7.3.jar;D:\softwarespace\apache-maven-3.6.1\resp\io\projectreactor\netty\reactor-netty-http\1.0.22\reactor-netty-http-1.0.22.jar;D:\softwarespace\apache-maven-3.6.1\resp\io\netty\netty-codec-http\4.1.79.Final\netty-codec-http-4.1.79.Final.jar;D:\softwarespace\apache-maven-3.6.1\resp\io\netty\netty-common\4.1.79.Final\netty-common-4.1.79.Final.jar;D:\softwarespace\apache-maven-3.6.1\resp\io\netty\netty-buffer\4.1.79.Final\netty-buffer-4.1.79.Final.jar;D:\softwarespace\apache-maven-3.6.1\resp\io\netty\netty-transport\4.1.79.Final\netty-transport-4.1.79.Final.jar;D:\softwarespace\apache-maven-3.6.1\resp\io\netty\netty-codec\4.1.79.Final\netty-codec-4.1.79.Final.jar;D:\softwarespace\apache-maven-3.6.1\resp\io\netty\netty-handler\4.1.79.Final\netty-handler-4.1.79.Final.jar;D:\softwarespace\apache-maven-3.6.1\resp\io\netty\netty-codec-http2\4.1.79.Final\netty-codec-http2-4.1.79.Final.jar;D:\softwarespace\apache-maven-3.6.1\resp\io\netty\netty-resolver-dns\4.1.79.Final\netty-resolver-dns-4.1.79.Final.jar;D:\softwarespace\apache-maven-3.6.1\resp\io\netty\netty-resolver\4.1.79.Final\netty-resolver-4.1.79.Final.jar;D:\softwarespace\apache-maven-3.6.1\resp\io\netty\netty-codec-dns\4.1.79.Final\netty-codec-dns-4.1.79.Final.jar;D:\softwarespace\apache-maven-3.6.1\resp\io\netty\netty-resolver-dns-native-macos\4.1.79.Final\netty-resolver-dns-native-macos-4.1.79.Final-osx-x86_64.jar;D:\softwarespace\apache-maven-3.6.1\resp\io\netty\netty-resolver-dns-classes-macos\4.1.79.Final\netty-resolver-dns-classes-macos-4.1.79.Final.jar;D:\softwarespace\apache-maven-3.6.1\resp\io\netty\netty-transport-native-epoll\4.1.79.Final\netty-transport-native-epoll-4.1.79.Final-linux-x86_64.jar;D:\softwarespace\apache-maven-3.6.1\resp\io\netty\netty-transport-native-unix-common\4.1.79.Final\netty-transport-native-unix-common-4.1.79.Final.jar;D:\softwarespace\apache-maven-3.6.1\resp\io\netty\netty-transport-classes-epoll\4.1.79.Final\netty-transport-classes-epoll-4.1.79.Final.jar;D:\softwarespace\apache-maven-3.6.1\resp\io\projectreactor\netty\reactor-netty-core\1.0.22\reactor-netty-core-1.0.22.jar;D:\softwarespace\apache-maven-3.6.1\resp\io\netty\netty-handler-proxy\4.1.79.Final\netty-handler-proxy-4.1.79.Final.jar;D:\softwarespace\apache-maven-3.6.1\resp\io\netty\netty-codec-socks\4.1.79.Final\netty-codec-socks-4.1.79.Final.jar;D:\softwarespace\apache-maven-3.6.1\resp\org\springframework\spring-webflux\5.3.22\spring-webflux-5.3.22.jar;D:\softwarespace\apache-maven-3.6.1\resp\org\springframework\boot\spring-boot-starter-thymeleaf\2.7.3\spring-boot-starter-thymeleaf-2.7.3.jar;D:\softwarespace\apache-maven-3.6.1\resp\org\thymeleaf\thymeleaf-spring5\3.0.15.RELEASE\thymeleaf-spring5-3.0.15.RELEASE.jar;D:\softwarespace\apache-maven-3.6.1\resp\org\thymeleaf\thymeleaf\3.0.15.RELEASE\thymeleaf-3.0.15.RELEASE.jar;D:\softwarespace\apache-maven-3.6.1\resp\org\attoparser\attoparser\2.0.5.RELEASE\attoparser-2.0.5.RELEASE.jar;D:\softwarespace\apache-maven-3.6.1\resp\org\unbescape\unbescape\1.1.6.RELEASE\unbescape-1.1.6.RELEASE.jar;D:\softwarespace\apache-maven-3.6.1\resp\org\thymeleaf\extras\thymeleaf-extras-java8time\3.0.4.RELEASE\thymeleaf-extras-java8time-3.0.4.RELEASE.jar;D:\softwarespace\apache-maven-3.6.1\resp\org\springframework\boot\spring-boot-starter-actuator\2.7.3\spring-boot-starter-actuator-2.7.3.jar;D:\softwarespace\apache-maven-3.6.1\resp\org\springframework\boot\spring-boot-actuator-autoconfigure\2.7.3\spring-boot-actuator-autoconfigure-2.7.3.jar;D:\softwarespace\apache-maven-3.6.1\resp\org\springframework\boot\spring-boot-actuator\2.7.3\spring-boot-actuator-2.7.3.jar;D:\softwarespace\apache-maven-3.6.1\resp\io\micrometer\micrometer-core\1.9.3\micrometer-core-1.9.3.jar;D:\softwarespace\apache-maven-3.6.1\resp\org\hdrhistogram\HdrHistogram\2.1.12\HdrHistogram-2.1.12.jar;D:\softwarespace\apache-maven-3.6.1\resp\org\latencyutils\LatencyUtils\2.0.3\LatencyUtils-2.0.3.jar;D:\softwarespace\apache-maven-3.6.1\resp\org\apache\httpcomponents\httpclient\4.5.13\httpclient-4.5.13.jar;D:\softwarespace\apache-maven-3.6.1\resp\org\apache\httpcomponents\httpcore\4.4.15\httpcore-4.4.15.jar;D:\softwarespace\apache-maven-3.6.1\resp\commons-codec\commons-codec\1.15\commons-codec-1.15.jar;D:\softwarespace\apache-maven-3.6.1\resp\io\projectreactor\addons\reactor-extra\3.4.8\reactor-extra-3.4.8.jar;D:\softwarespace\apache-maven-3.6.1\resp\io\projectreactor\reactor-core\3.4.22\reactor-core-3.4.22.jar;D:\softwarespace\apache-maven-3.6.1\resp\org\reactivestreams\reactive-streams\1.0.4\reactive-streams-1.0.4.jar;D:\softwarespace\apache-maven-3.6.1\resp\de\codecentric\spring-boot-admin-server-ui\2.5.4\spring-boot-admin-server-ui-2.5.4.jar;D:\softwarespace\apache-maven-3.6.1\resp\de\codecentric\spring-boot-admin-server-cloud\2.5.4\spring-boot-admin-server-cloud-2.5.4.jar;"/>
    <property name="java.vm.vendor" value="Oracle Corporation"/>
    <property name="sun.arch.data.model" value="32"/>
    <property name="user.variant" value=""/>
    <property name="java.vendor.url" value="http://java.oracle.com/"/>
    <property name="user.timezone" value="Asia/Shanghai"/>
    <property name="java.vm.specification.version" value="1.8"/>
    <property name="os.name" value="Windows 10"/>
    <property name="user.country" value="CN"/>
    <property name="sun.java.launcher" value="SUN_STANDARD"/>
    <property name="sun.boot.library.path" value="C:\Program Files\AdoptOpenJDK\jdk8\jre\bin"/>
    <property name="sun.java.command" value="C:\Users\86185\AppData\Local\Temp\surefire5568879326664381910\surefirebooter8585115128562753255.jar C:\Users\86185\AppData\Local\Temp\surefire5568879326664381910 2022-09-30T20-50-40_831-jvmRun1 surefire2123708394625177724tmp surefire_06825247760833694692tmp"/>
    <property name="surefire.test.class.path" value="D:\Codefield\IdeaProjects\JAVAEE\SpringBoot\ssmp\target\test-classes;D:\Codefield\IdeaProjects\JAVAEE\SpringBoot\ssmp\target\classes;D:\softwarespace\apache-maven-3.6.1\resp\org\springframework\boot\spring-boot-starter-web\2.7.3\spring-boot-starter-web-2.7.3.jar;D:\softwarespace\apache-maven-3.6.1\resp\org\springframework\boot\spring-boot-starter\2.7.3\spring-boot-starter-2.7.3.jar;D:\softwarespace\apache-maven-3.6.1\resp\org\springframework\boot\spring-boot-starter-logging\2.7.3\spring-boot-starter-logging-2.7.3.jar;D:\softwarespace\apache-maven-3.6.1\resp\ch\qos\logback\logback-classic\1.2.11\logback-classic-1.2.11.jar;D:\softwarespace\apache-maven-3.6.1\resp\ch\qos\logback\logback-core\1.2.11\logback-core-1.2.11.jar;D:\softwarespace\apache-maven-3.6.1\resp\org\apache\logging\log4j\log4j-to-slf4j\2.17.2\log4j-to-slf4j-2.17.2.jar;D:\softwarespace\apache-maven-3.6.1\resp\org\apache\logging\log4j\log4j-api\2.17.2\log4j-api-2.17.2.jar;D:\softwarespace\apache-maven-3.6.1\resp\org\slf4j\jul-to-slf4j\1.7.36\jul-to-slf4j-1.7.36.jar;D:\softwarespace\apache-maven-3.6.1\resp\jakarta\annotation\jakarta.annotation-api\1.3.5\jakarta.annotation-api-1.3.5.jar;D:\softwarespace\apache-maven-3.6.1\resp\org\yaml\snakeyaml\1.30\snakeyaml-1.30.jar;D:\softwarespace\apache-maven-3.6.1\resp\org\springframework\boot\spring-boot-starter-json\2.7.3\spring-boot-starter-json-2.7.3.jar;D:\softwarespace\apache-maven-3.6.1\resp\com\fasterxml\jackson\core\jackson-databind\2.13.3\jackson-databind-2.13.3.jar;D:\softwarespace\apache-maven-3.6.1\resp\com\fasterxml\jackson\core\jackson-annotations\2.13.3\jackson-annotations-2.13.3.jar;D:\softwarespace\apache-maven-3.6.1\resp\com\fasterxml\jackson\core\jackson-core\2.13.3\jackson-core-2.13.3.jar;D:\softwarespace\apache-maven-3.6.1\resp\com\fasterxml\jackson\datatype\jackson-datatype-jdk8\2.13.3\jackson-datatype-jdk8-2.13.3.jar;D:\softwarespace\apache-maven-3.6.1\resp\com\fasterxml\jackson\datatype\jackson-datatype-jsr310\2.13.3\jackson-datatype-jsr310-2.13.3.jar;D:\softwarespace\apache-maven-3.6.1\resp\com\fasterxml\jackson\module\jackson-module-parameter-names\2.13.3\jackson-module-parameter-names-2.13.3.jar;D:\softwarespace\apache-maven-3.6.1\resp\org\springframework\boot\spring-boot-starter-tomcat\2.7.3\spring-boot-starter-tomcat-2.7.3.jar;D:\softwarespace\apache-maven-3.6.1\resp\org\apache\tomcat\embed\tomcat-embed-core\9.0.65\tomcat-embed-core-9.0.65.jar;D:\softwarespace\apache-maven-3.6.1\resp\org\apache\tomcat\embed\tomcat-embed-el\9.0.65\tomcat-embed-el-9.0.65.jar;D:\softwarespace\apache-maven-3.6.1\resp\org\apache\tomcat\embed\tomcat-embed-websocket\9.0.65\tomcat-embed-websocket-9.0.65.jar;D:\softwarespace\apache-maven-3.6.1\resp\org\springframework\spring-web\5.3.22\spring-web-5.3.22.jar;D:\softwarespace\apache-maven-3.6.1\resp\org\springframework\spring-beans\5.3.22\spring-beans-5.3.22.jar;D:\softwarespace\apache-maven-3.6.1\resp\org\springframework\spring-webmvc\5.3.22\spring-webmvc-5.3.22.jar;D:\softwarespace\apache-maven-3.6.1\resp\org\springframework\spring-aop\5.3.22\spring-aop-5.3.22.jar;D:\softwarespace\apache-maven-3.6.1\resp\org\springframework\spring-context\5.3.22\spring-context-5.3.22.jar;D:\softwarespace\apache-maven-3.6.1\resp\org\springframework\spring-expression\5.3.22\spring-expression-5.3.22.jar;D:\softwarespace\apache-maven-3.6.1\resp\org\springframework\boot\spring-boot-starter-test\2.7.3\spring-boot-starter-test-2.7.3.jar;D:\softwarespace\apache-maven-3.6.1\resp\org\springframework\boot\spring-boot-test\2.7.3\spring-boot-test-2.7.3.jar;D:\softwarespace\apache-maven-3.6.1\resp\org\springframework\boot\spring-boot-test-autoconfigure\2.7.3\spring-boot-test-autoconfigure-2.7.3.jar;D:\softwarespace\apache-maven-3.6.1\resp\com\jayway\jsonpath\json-path\2.7.0\json-path-2.7.0.jar;D:\softwarespace\apache-maven-3.6.1\resp\net\minidev\json-smart\2.4.8\json-smart-2.4.8.jar;D:\softwarespace\apache-maven-3.6.1\resp\net\minidev\accessors-smart\2.4.8\accessors-smart-2.4.8.jar;D:\softwarespace\apache-maven-3.6.1\resp\jakarta\xml\bind\jakarta.xml.bind-api\2.3.3\jakarta.xml.bind-api-2.3.3.jar;D:\softwarespace\apache-maven-3.6.1\resp\jakarta\activation\jakarta.activation-api\1.2.2\jakarta.activation-api-1.2.2.jar;D:\softwarespace\apache-maven-3.6.1\resp\org\assertj\assertj-core\3.22.0\assertj-core-3.22.0.jar;D:\softwarespace\apache-maven-3.6.1\resp\org\hamcrest\hamcrest\2.2\hamcrest-2.2.jar;D:\softwarespace\apache-maven-3.6.1\resp\org\junit\jupiter\junit-jupiter\5.8.2\junit-jupiter-5.8.2.jar;D:\softwarespace\apache-maven-3.6.1\resp\org\junit\jupiter\junit-jupiter-api\5.8.2\junit-jupiter-api-5.8.2.jar;D:\softwarespace\apache-maven-3.6.1\resp\org\opentest4j\opentest4j\1.2.0\opentest4j-1.2.0.jar;D:\softwarespace\apache-maven-3.6.1\resp\org\junit\platform\junit-platform-commons\1.8.2\junit-platform-commons-1.8.2.jar;D:\softwarespace\apache-maven-3.6.1\resp\org\apiguardian\apiguardian-api\1.1.2\apiguardian-api-1.1.2.jar;D:\softwarespace\apache-maven-3.6.1\resp\org\junit\jupiter\junit-jupiter-params\5.8.2\junit-jupiter-params-5.8.2.jar;D:\softwarespace\apache-maven-3.6.1\resp\org\junit\jupiter\junit-jupiter-engine\5.8.2\junit-jupiter-engine-5.8.2.jar;D:\softwarespace\apache-maven-3.6.1\resp\org\junit\platform\junit-platform-engine\1.8.2\junit-platform-engine-1.8.2.jar;D:\softwarespace\apache-maven-3.6.1\resp\org\mockito\mockito-core\4.5.1\mockito-core-4.5.1.jar;D:\softwarespace\apache-maven-3.6.1\resp\net\bytebuddy\byte-buddy\1.12.13\byte-buddy-1.12.13.jar;D:\softwarespace\apache-maven-3.6.1\resp\net\bytebuddy\byte-buddy-agent\1.12.13\byte-buddy-agent-1.12.13.jar;D:\softwarespace\apache-maven-3.6.1\resp\org\objenesis\objenesis\3.2\objenesis-3.2.jar;D:\softwarespace\apache-maven-3.6.1\resp\org\mockito\mockito-junit-jupiter\4.5.1\mockito-junit-jupiter-4.5.1.jar;D:\softwarespace\apache-maven-3.6.1\resp\org\skyscreamer\jsonassert\1.5.1\jsonassert-1.5.1.jar;D:\softwarespace\apache-maven-3.6.1\resp\com\vaadin\external\google\android-json\0.0.20131108.vaadin1\android-json-0.0.20131108.vaadin1.jar;D:\softwarespace\apache-maven-3.6.1\resp\org\springframework\spring-core\5.3.22\spring-core-5.3.22.jar;D:\softwarespace\apache-maven-3.6.1\resp\org\springframework\spring-jcl\5.3.22\spring-jcl-5.3.22.jar;D:\softwarespace\apache-maven-3.6.1\resp\org\springframework\spring-test\5.3.22\spring-test-5.3.22.jar;D:\softwarespace\apache-maven-3.6.1\resp\org\xmlunit\xmlunit-core\2.9.0\xmlunit-core-2.9.0.jar;D:\softwarespace\apache-maven-3.6.1\resp\org\mybatis\spring\boot\mybatis-spring-boot-starter\2.2.2\mybatis-spring-boot-starter-2.2.2.jar;D:\softwarespace\apache-maven-3.6.1\resp\org\springframework\boot\spring-boot-starter-jdbc\2.7.3\spring-boot-starter-jdbc-2.7.3.jar;D:\softwarespace\apache-maven-3.6.1\resp\com\zaxxer\HikariCP\4.0.3\HikariCP-4.0.3.jar;D:\softwarespace\apache-maven-3.6.1\resp\org\springframework\spring-jdbc\5.3.22\spring-jdbc-5.3.22.jar;D:\softwarespace\apache-maven-3.6.1\resp\org\mybatis\spring\boot\mybatis-spring-boot-autoconfigure\2.2.2\mybatis-spring-boot-autoconfigure-2.2.2.jar;D:\softwarespace\apache-maven-3.6.1\resp\org\mybatis\mybatis\3.5.9\mybatis-3.5.9.jar;D:\softwarespace\apache-maven-3.6.1\resp\org\mybatis\mybatis-spring\2.0.7\mybatis-spring-2.0.7.jar;D:\softwarespace\apache-maven-3.6.1\resp\mysql\mysql-connector-java\8.0.30\mysql-connector-java-8.0.30.jar;D:\softwarespace\apache-maven-3.6.1\resp\com\alibaba\druid\1.1.16\druid-1.1.16.jar;D:\softwarespace\apache-maven-3.6.1\resp\org\projectlombok\lombok\1.18.24\lombok-1.18.24.jar;D:\softwarespace\apache-maven-3.6.1\resp\com\baomidou\mybatis-plus-boot-starter\3.4.1\mybatis-plus-boot-starter-3.4.1.jar;D:\softwarespace\apache-maven-3.6.1\resp\com\baomidou\mybatis-plus\3.4.1\mybatis-plus-3.4.1.jar;D:\softwarespace\apache-maven-3.6.1\resp\org\springframework\boot\spring-boot-autoconfigure\2.7.3\spring-boot-autoconfigure-2.7.3.jar;D:\softwarespace\apache-maven-3.6.1\resp\com\baomidou\mybatis-plus-generator\3.4.1\mybatis-plus-generator-3.4.1.jar;D:\softwarespace\apache-maven-3.6.1\resp\com\baomidou\mybatis-plus-extension\3.4.1\mybatis-plus-extension-3.4.1.jar;D:\softwarespace\apache-maven-3.6.1\resp\com\baomidou\mybatis-plus-core\3.4.1\mybatis-plus-core-3.4.1.jar;D:\softwarespace\apache-maven-3.6.1\resp\com\baomidou\mybatis-plus-annotation\3.4.1\mybatis-plus-annotation-3.4.1.jar;D:\softwarespace\apache-maven-3.6.1\resp\com\github\jsqlparser\jsqlparser\3.2\jsqlparser-3.2.jar;D:\softwarespace\apache-maven-3.6.1\resp\org\apache\velocity\velocity-engine-core\2.3\velocity-engine-core-2.3.jar;D:\softwarespace\apache-maven-3.6.1\resp\org\apache\commons\commons-lang3\3.12.0\commons-lang3-3.12.0.jar;D:\softwarespace\apache-maven-3.6.1\resp\org\slf4j\slf4j-api\1.7.36\slf4j-api-1.7.36.jar;D:\softwarespace\apache-maven-3.6.1\resp\org\springframework\boot\spring-boot-devtools\2.7.3\spring-boot-devtools-2.7.3.jar;D:\softwarespace\apache-maven-3.6.1\resp\org\springframework\boot\spring-boot\2.7.3\spring-boot-2.7.3.jar;D:\softwarespace\apache-maven-3.6.1\resp\javax\validation\validation-api\2.0.1.Final\validation-api-2.0.1.Final.jar;D:\softwarespace\apache-maven-3.6.1\resp\org\hibernate\validator\hibernate-validator\6.2.4.Final\hibernate-validator-6.2.4.Final.jar;D:\softwarespace\apache-maven-3.6.1\resp\jakarta\validation\jakarta.validation-api\2.0.2\jakarta.validation-api-2.0.2.jar;D:\softwarespace\apache-maven-3.6.1\resp\org\jboss\logging\jboss-logging\3.4.3.Final\jboss-logging-3.4.3.Final.jar;D:\softwarespace\apache-maven-3.6.1\resp\com\fasterxml\classmate\1.5.1\classmate-1.5.1.jar;D:\softwarespace\apache-maven-3.6.1\resp\com\alicp\jetcache\jetcache-starter-redis\2.6.2\jetcache-starter-redis-2.6.2.jar;D:\softwarespace\apache-maven-3.6.1\resp\com\alicp\jetcache\jetcache-autoconfigure\2.6.2\jetcache-autoconfigure-2.6.2.jar;D:\softwarespace\apache-maven-3.6.1\resp\com\alicp\jetcache\jetcache-anno\2.6.2\jetcache-anno-2.6.2.jar;D:\softwarespace\apache-maven-3.6.1\resp\com\alicp\jetcache\jetcache-core\2.6.2\jetcache-core-2.6.2.jar;D:\softwarespace\apache-maven-3.6.1\resp\com\alicp\jetcache\jetcache-anno-api\2.6.2\jetcache-anno-api-2.6.2.jar;D:\softwarespace\apache-maven-3.6.1\resp\com\github\ben-manes\caffeine\caffeine\2.9.3\caffeine-2.9.3.jar;D:\softwarespace\apache-maven-3.6.1\resp\org\checkerframework\checker-qual\3.19.0\checker-qual-3.19.0.jar;D:\softwarespace\apache-maven-3.6.1\resp\com\google\errorprone\error_prone_annotations\2.10.0\error_prone_annotations-2.10.0.jar;D:\softwarespace\apache-maven-3.6.1\resp\org\mvel\mvel2\2.4.7.Final\mvel2-2.4.7.Final.jar;D:\softwarespace\apache-maven-3.6.1\resp\javax\annotation\javax.annotation-api\1.3.2\javax.annotation-api-1.3.2.jar;D:\softwarespace\apache-maven-3.6.1\resp\com\alicp\jetcache\jetcache-redis\2.6.2\jetcache-redis-2.6.2.jar;D:\softwarespace\apache-maven-3.6.1\resp\redis\clients\jedis\3.8.0\jedis-3.8.0.jar;D:\softwarespace\apache-maven-3.6.1\resp\org\apache\commons\commons-pool2\2.11.1\commons-pool2-2.11.1.jar;D:\softwarespace\apache-maven-3.6.1\resp\com\alibaba\fastjson\1.2.76\fastjson-1.2.76.jar;D:\softwarespace\apache-maven-3.6.1\resp\com\esotericsoftware\kryo\4.0.2\kryo-4.0.2.jar;D:\softwarespace\apache-maven-3.6.1\resp\com\esotericsoftware\reflectasm\1.11.3\reflectasm-1.11.3.jar;D:\softwarespace\apache-maven-3.6.1\resp\org\ow2\asm\asm\5.0.4\asm-5.0.4.jar;D:\softwarespace\apache-maven-3.6.1\resp\com\esotericsoftware\minlog\1.3.0\minlog-1.3.0.jar;D:\softwarespace\apache-maven-3.6.1\resp\org\springframework\boot\spring-boot-starter-quartz\2.7.3\spring-boot-starter-quartz-2.7.3.jar;D:\softwarespace\apache-maven-3.6.1\resp\org\springframework\spring-context-support\5.3.22\spring-context-support-5.3.22.jar;D:\softwarespace\apache-maven-3.6.1\resp\org\springframework\spring-tx\5.3.22\spring-tx-5.3.22.jar;D:\softwarespace\apache-maven-3.6.1\resp\org\quartz-scheduler\quartz\2.3.2\quartz-2.3.2.jar;D:\softwarespace\apache-maven-3.6.1\resp\com\mchange\mchange-commons-java\0.2.15\mchange-commons-java-0.2.15.jar;D:\softwarespace\apache-maven-3.6.1\resp\de\codecentric\spring-boot-admin-starter-server\2.5.4\spring-boot-admin-starter-server-2.5.4.jar;D:\softwarespace\apache-maven-3.6.1\resp\de\codecentric\spring-boot-admin-server\2.5.4\spring-boot-admin-server-2.5.4.jar;D:\softwarespace\apache-maven-3.6.1\resp\org\springframework\boot\spring-boot-starter-webflux\2.7.3\spring-boot-starter-webflux-2.7.3.jar;D:\softwarespace\apache-maven-3.6.1\resp\org\springframework\boot\spring-boot-starter-reactor-netty\2.7.3\spring-boot-starter-reactor-netty-2.7.3.jar;D:\softwarespace\apache-maven-3.6.1\resp\io\projectreactor\netty\reactor-netty-http\1.0.22\reactor-netty-http-1.0.22.jar;D:\softwarespace\apache-maven-3.6.1\resp\io\netty\netty-codec-http\4.1.79.Final\netty-codec-http-4.1.79.Final.jar;D:\softwarespace\apache-maven-3.6.1\resp\io\netty\netty-common\4.1.79.Final\netty-common-4.1.79.Final.jar;D:\softwarespace\apache-maven-3.6.1\resp\io\netty\netty-buffer\4.1.79.Final\netty-buffer-4.1.79.Final.jar;D:\softwarespace\apache-maven-3.6.1\resp\io\netty\netty-transport\4.1.79.Final\netty-transport-4.1.79.Final.jar;D:\softwarespace\apache-maven-3.6.1\resp\io\netty\netty-codec\4.1.79.Final\netty-codec-4.1.79.Final.jar;D:\softwarespace\apache-maven-3.6.1\resp\io\netty\netty-handler\4.1.79.Final\netty-handler-4.1.79.Final.jar;D:\softwarespace\apache-maven-3.6.1\resp\io\netty\netty-codec-http2\4.1.79.Final\netty-codec-http2-4.1.79.Final.jar;D:\softwarespace\apache-maven-3.6.1\resp\io\netty\netty-resolver-dns\4.1.79.Final\netty-resolver-dns-4.1.79.Final.jar;D:\softwarespace\apache-maven-3.6.1\resp\io\netty\netty-resolver\4.1.79.Final\netty-resolver-4.1.79.Final.jar;D:\softwarespace\apache-maven-3.6.1\resp\io\netty\netty-codec-dns\4.1.79.Final\netty-codec-dns-4.1.79.Final.jar;D:\softwarespace\apache-maven-3.6.1\resp\io\netty\netty-resolver-dns-native-macos\4.1.79.Final\netty-resolver-dns-native-macos-4.1.79.Final-osx-x86_64.jar;D:\softwarespace\apache-maven-3.6.1\resp\io\netty\netty-resolver-dns-classes-macos\4.1.79.Final\netty-resolver-dns-classes-macos-4.1.79.Final.jar;D:\softwarespace\apache-maven-3.6.1\resp\io\netty\netty-transport-native-epoll\4.1.79.Final\netty-transport-native-epoll-4.1.79.Final-linux-x86_64.jar;D:\softwarespace\apache-maven-3.6.1\resp\io\netty\netty-transport-native-unix-common\4.1.79.Final\netty-transport-native-unix-common-4.1.79.Final.jar;D:\softwarespace\apache-maven-3.6.1\resp\io\netty\netty-transport-classes-epoll\4.1.79.Final\netty-transport-classes-epoll-4.1.79.Final.jar;D:\softwarespace\apache-maven-3.6.1\resp\io\projectreactor\netty\reactor-netty-core\1.0.22\reactor-netty-core-1.0.22.jar;D:\softwarespace\apache-maven-3.6.1\resp\io\netty\netty-handler-proxy\4.1.79.Final\netty-handler-proxy-4.1.79.Final.jar;D:\softwarespace\apache-maven-3.6.1\resp\io\netty\netty-codec-socks\4.1.79.Final\netty-codec-socks-4.1.79.Final.jar;D:\softwarespace\apache-maven-3.6.1\resp\org\springframework\spring-webflux\5.3.22\spring-webflux-5.3.22.jar;D:\softwarespace\apache-maven-3.6.1\resp\org\springframework\boot\spring-boot-starter-thymeleaf\2.7.3\spring-boot-starter-thymeleaf-2.7.3.jar;D:\softwarespace\apache-maven-3.6.1\resp\org\thymeleaf\thymeleaf-spring5\3.0.15.RELEASE\thymeleaf-spring5-3.0.15.RELEASE.jar;D:\softwarespace\apache-maven-3.6.1\resp\org\thymeleaf\thymeleaf\3.0.15.RELEASE\thymeleaf-3.0.15.RELEASE.jar;D:\softwarespace\apache-maven-3.6.1\resp\org\attoparser\attoparser\2.0.5.RELEASE\attoparser-2.0.5.RELEASE.jar;D:\softwarespace\apache-maven-3.6.1\resp\org\unbescape\unbescape\1.1.6.RELEASE\unbescape-1.1.6.RELEASE.jar;D:\softwarespace\apache-maven-3.6.1\resp\org\thymeleaf\extras\thymeleaf-extras-java8time\3.0.4.RELEASE\thymeleaf-extras-java8time-3.0.4.RELEASE.jar;D:\softwarespace\apache-maven-3.6.1\resp\org\springframework\boot\spring-boot-starter-actuator\2.7.3\spring-boot-starter-actuator-2.7.3.jar;D:\softwarespace\apache-maven-3.6.1\resp\org\springframework\boot\spring-boot-actuator-autoconfigure\2.7.3\spring-boot-actuator-autoconfigure-2.7.3.jar;D:\softwarespace\apache-maven-3.6.1\resp\org\springframework\boot\spring-boot-actuator\2.7.3\spring-boot-actuator-2.7.3.jar;D:\softwarespace\apache-maven-3.6.1\resp\io\micrometer\micrometer-core\1.9.3\micrometer-core-1.9.3.jar;D:\softwarespace\apache-maven-3.6.1\resp\org\hdrhistogram\HdrHistogram\2.1.12\HdrHistogram-2.1.12.jar;D:\softwarespace\apache-maven-3.6.1\resp\org\latencyutils\LatencyUtils\2.0.3\LatencyUtils-2.0.3.jar;D:\softwarespace\apache-maven-3.6.1\resp\org\apache\httpcomponents\httpclient\4.5.13\httpclient-4.5.13.jar;D:\softwarespace\apache-maven-3.6.1\resp\org\apache\httpcomponents\httpcore\4.4.15\httpcore-4.4.15.jar;D:\softwarespace\apache-maven-3.6.1\resp\commons-codec\commons-codec\1.15\commons-codec-1.15.jar;D:\softwarespace\apache-maven-3.6.1\resp\io\projectreactor\addons\reactor-extra\3.4.8\reactor-extra-3.4.8.jar;D:\softwarespace\apache-maven-3.6.1\resp\io\projectreactor\reactor-core\3.4.22\reactor-core-3.4.22.jar;D:\softwarespace\apache-maven-3.6.1\resp\org\reactivestreams\reactive-streams\1.0.4\reactive-streams-1.0.4.jar;D:\softwarespace\apache-maven-3.6.1\resp\de\codecentric\spring-boot-admin-server-ui\2.5.4\spring-boot-admin-server-ui-2.5.4.jar;D:\softwarespace\apache-maven-3.6.1\resp\de\codecentric\spring-boot-admin-server-cloud\2.5.4\spring-boot-admin-server-cloud-2.5.4.jar;"/>
    <property name="sun.cpu.endian" value="little"/>
    <property name="user.home" value="C:\Users\86185"/>
    <property name="user.language" value="zh"/>
    <property name="java.specification.vendor" value="Oracle Corporation"/>
    <property name="java.home" value="C:\Program Files\AdoptOpenJDK\jdk8\jre"/>
    <property name="basedir" value="D:\Codefield\IdeaProjects\JAVAEE\SpringBoot\ssmp"/>
    <property name="file.separator" value="\"/>
    <property name="line.separator" value="&#10;"/>
    <property name="java.vm.specification.vendor" value="Oracle Corporation"/>
    <property name="java.specification.name" value="Java Platform API Specification"/>
    <property name="java.awt.graphicsenv" value="sun.awt.Win32GraphicsEnvironment"/>
    <property name="surefire.real.class.path" value="C:\Users\86185\AppData\Local\Temp\surefire5568879326664381910\surefirebooter8585115128562753255.jar"/>
    <property name="sun.boot.class.path" value="C:\Program Files\AdoptOpenJDK\jdk8\jre\lib\resources.jar;C:\Program Files\AdoptOpenJDK\jdk8\jre\lib\rt.jar;C:\Program Files\AdoptOpenJDK\jdk8\jre\lib\sunrsasign.jar;C:\Program Files\AdoptOpenJDK\jdk8\jre\lib\jsse.jar;C:\Program Files\AdoptOpenJDK\jdk8\jre\lib\jce.jar;C:\Program Files\AdoptOpenJDK\jdk8\jre\lib\charsets.jar;C:\Program Files\AdoptOpenJDK\jdk8\jre\lib\jfr.jar;C:\Program Files\AdoptOpenJDK\jdk8\jre\classes"/>
    <property name="user.script" value=""/>
    <property name="sun.management.compiler" value="HotSpot Client Compiler"/>
    <property name="java.runtime.version" value="1.8.0_311-b11"/>
    <property name="user.name" value="姝、"/>
    <property name="path.separator" value=";"/>
    <property name="os.version" value="10.0"/>
    <property name="java.endorsed.dirs" value="C:\Program Files\AdoptOpenJDK\jdk8\jre\lib\endorsed"/>
    <property name="java.runtime.name" value="Java(TM) SE Runtime Environment"/>
    <property name="file.encoding" value="GBK"/>
    <property name="java.vm.name" value="Java HotSpot(TM) Client VM"/>
    <property name="localRepository" value="D:\softwarespace\apache-maven-3.6.1\resp"/>
    <property name="java.vendor.url.bug" value="http://bugreport.sun.com/bugreport/"/>
    <property name="java.io.tmpdir" value="C:\Users\86185\AppData\Local\Temp\"/>
    <property name="idea.version" value="2021.1"/>
    <property name="java.version" value="1.8.0_311"/>
    <property name="user.dir" value="D:\Codefield\IdeaProjects\JAVAEE\SpringBoot\ssmp"/>
    <property name="os.arch" value="x86"/>
    <property name="java.vm.specification.name" value="Java Virtual Machine Specification"/>
    <property name="java.awt.printerjob" value="sun.awt.windows.WPrinterJob"/>
    <property name="sun.os.patch.level" value=""/>
    <property name="java.library.path" value="C:\Program Files\AdoptOpenJDK\jdk8\jre\bin;C:\WINDOWS\Sun\Java\bin;C:\WINDOWS\system32;C:\WINDOWS;D:\softwarespace\Anaconda3\condabin;D:\Program Files (x86)\VMware\VMware Player\bin\;C:\Program Files\Microsoft MPI\Bin\;C:\Program Files\NVIDIA GPU Computing Toolkit\CUDA\v11.0\bin;C:\Program Files\NVIDIA GPU Computing Toolkit\CUDA\v11.0\libnvvp;C:\Program Files\NVIDIA GPU Computing Toolkit\CUDA\v11.0\extras\CUPTI\lib64;C:\Program Files\NVIDIA GPU Computing Toolkit\CUDA\v11.0\cudnn\bin;C:\Program Files\AdoptOpenJDK\jdk8\bin;D:\softwarespace\hadoop-2.8.1\bin;C:\Windows\system32;C:\Windows;C:\Windows\System32\Wbem;C:\Windows\System32\WindowsPowerShell\v1.0\;C:\Windows\System32\OpenSSH\;C:\Program Files (x86)\NVIDIA Corporation\PhysX\Common;C:\Program Files\NVIDIA Corporation\NVIDIA NvDLISR;C:\WINDOWS\system32;C:\WINDOWS;C:\WINDOWS\System32\Wbem;C:\WINDOWS\System32\WindowsPowerShell\v1.0\;C:\WINDOWS\System32\OpenSSH\;C:\Program Files\nodejs\;C:\Program Files\mingw64\bin;C:\Program Files\MySQL\MySQL Server 8.0\bin;D:\softwarespace\Anaconda3\Scripts;C:\Program Files\NVIDIA Corporation\Nsight Compute 2020.1.1\;D:\softwarespace\Xshell\;D:\softwarespace\Xftp\;D:\softwarespace\neo4j-community-4.3.6\bin;D:\softwarespace\neo4j-chs-community-4.2.2-windows\bin;D:\softwarespace\Git\cmd;C:\Program Files\Microsoft SQL Server\150\Tools\Binn\;C:\Program Files\Microsoft SQL Server\Client SDK\ODBC\170\Tools\Binn\;C:\WINDOWS\system32;C:\WINDOWS;C:\WINDOWS\System32\Wbem;C:\WINDOWS\System32\WindowsPowerShell\v1.0\;C:\WINDOWS\System32\OpenSSH\;C:\Program Files (x86)\Microsoft SQL Server\150\Tools\Binn\;C:\Program Files\Microsoft SQL Server\150\DTS\Binn\;C:\Program Files (x86)\Microsoft SQL Server\150\DTS\Binn\;C:\Users\86185\AppData\Roaming\npm;C:\Program Files\Docker\Docker\resources\bin;C:\ProgramData\DockerDesktop\version-bin;C:\Program Files (x86)\Windows Kits\8.1\Windows Performance Toolkit\;D:\softwarespace\apache-maven-3.6.1\bin;D:\Program Files\Redis\;C:\Users\86185\AppData\Local\Programs\Python\Python37\Scripts\;C:\Users\86185\AppData\Local\Programs\Python\Python37\;C:\Users\86185\AppData\Local\Programs\Python\Python39\Scripts\;C:\Users\86185\AppData\Local\Programs\Python\Python39\;D:\Microsoft VS Code\bin;C:\Users\86185\AppData\Local\Microsoft\WindowsApps;C:\Program Files\JetBrains\IntelliJ IDEA 2021.1\bin;;C:\Program Files\JetBrains\PyCharm 2022.1.4\bin;;D:\softwarespace\Git\bin;;C:\Program Files\JetBrains\CLion 2021.3.3\bin;;C:\Program Files\JetBrains\DataGrip 2022.1.4\bin;;."/>
    <property name="java.vm.info" value="mixed mode"/>
    <property name="java.vendor" value="Oracle Corporation"/>
    <property name="java.vm.version" value="25.311-b11"/>
    <property name="java.ext.dirs" value="C:\Program Files\AdoptOpenJDK\jdk8\jre\lib\ext;C:\WINDOWS\Sun\Java\lib\ext"/>
    <property name="sun.io.unicode.encoding" value="UnicodeLittle"/>
    <property name="maven.repo.local" value="D:\softwarespace\apache-maven-3.6.1\resp"/>
    <property name="java.class.version" value="52.0"/>
  </properties>
  <testcase name="testSelectAll" classname="com.yruns.SpringbootApplicationTests" time="0.064"/>
  <testcase name="testDeleteById" classname="com.yruns.SpringbootApplicationTests" time="0.013"/>
  <testcase name="testInsert" classname="com.yruns.SpringbootApplicationTests" time="0.036"/>
  <testcase name="testSelectById" classname="com.yruns.SpringbootApplicationTests" time="0.038"/>
  <testcase name="testSelectPage" classname="com.yruns.SpringbootApplicationTests" time="0.06"/>
</testsuite>